<?xml version="1.0" encoding="UTF-8"?>
<!-- Generated by org.testng.reporters.JUnitXMLReporter -->
<testsuite hostname="LAPTOP-6OUD81RG" name="Default test" tests="10" failures="0" timestamp="19 Mar 2020 15:47:29 GMT" time="5.077" errors="0">
  <testcase name="verifyCountryCode" time="0.804" classname="com.iqvia.api.automation.test.CountriesAPITest"/>
  <testcase name="verifyCountryCode" time="0.804" classname="com.iqvia.api.automation.test.CountriesAPITest"/>
  <testcase name="checkStatusCode" time="0.007" classname="com.iqvia.api.automation.test.CountriesAPITest"/>
  <testcase name="checkStatusCode" time="0.007" classname="com.iqvia.api.automation.test.CountriesAPITest"/>
  <testcase name="setCityFromJsonResponse" time="0.165" classname="com.iqvia.api.automation.test.CountriesAPITest"/>
  <testcase name="setCityFromJsonResponse" time="0.165" classname="com.iqvia.api.automation.test.CountriesAPITest"/>
  <testcase name="verifySelectedCapitalInfo" time="0.74" classname="com.iqvia.api.automation.test.CountriesAPITest"/>
  <testcase name="verifySelectedCapitalInfo" time="0.74" classname="com.iqvia.api.automation.test.CountriesAPITest"/>
  <testcase name="verifyStatusLine" time="0.005" classname="com.iqvia.api.automation.test.CountriesAPITest"/>
  <testcase name="verifyStatusLine" time="0.005" classname="com.iqvia.api.automation.test.CountriesAPITest"/>
</testsuite> <!-- Default test -->
