<?xml version="1.0" encoding="UTF-8"?>
<!-- Generated by org.testng.reporters.JUnitXMLReporter -->
<testsuite hostname="LAPTOP-6OUD81RG" name="Test" tests="10" failures="0" timestamp="19 Mar 2020 15:46:52 GMT" time="0.691" errors="0">
  <testcase name="@BeforeClass getAllCountries" time="0.0" classname="com.iqvia.api.automation.test.CountriesAPITest">
    <failure type="java.lang.IllegalArgumentException" message="baseURI cannot be null">
      <![CDATA[java.lang.IllegalArgumentException: baseURI cannot be null
	at org.codehaus.groovy.runtime.callsite.ConstructorSite$ConstructorSiteNoUnwrap.callConstructor(ConstructorSite.java:84)
	at org.codehaus.groovy.runtime.callsite.CallSiteArray.defaultCallConstructor(CallSiteArray.java:59)
	at org.codehaus.groovy.runtime.callsite.AbstractCallSite.callConstructor(AbstractCallSite.java:238)
	at org.codehaus.groovy.runtime.callsite.AbstractCallSite.callConstructor(AbstractCallSite.java:250)
	at io.restassured.internal.assertion.AssertParameter.notNull(AssertParameter.groovy:26)
	at io.restassured.internal.assertion.AssertParameter$notNull.callStatic(Unknown Source)
	at org.codehaus.groovy.runtime.callsite.CallSiteArray.defaultCallStatic(CallSiteArray.java:55)
	at org.codehaus.groovy.runtime.callsite.AbstractCallSite.callStatic(AbstractCallSite.java:197)
	at org.codehaus.groovy.runtime.callsite.AbstractCallSite.callStatic(AbstractCallSite.java:217)
	at io.restassured.internal.RequestSpecificationImpl.<init>(RequestSpecificationImpl.groovy:135)
	at io.restassured.RestAssured.createTestSpecification(RestAssured.java:1510)
	at io.restassured.RestAssured.given(RestAssured.java:711)
	at com.iqvia.api.automation.test.CountriesAPITest.getAllCountries(CountriesAPITest.java:24)
... Removed 31 stack frames]]>
    </failure>
  </testcase> <!-- @BeforeClass getAllCountries -->
  <testcase name="@AfterClass afterClass" time="0.0" classname="com.iqvia.api.automation.test.CountriesAPITest">
    <skipped/>
  </testcase> <!-- @AfterClass afterClass -->
  <testcase name="verifyCountryCode" time="0.002" classname="com.iqvia.api.automation.test.CountriesAPITest">
    <skipped/>
  </testcase> <!-- verifyCountryCode -->
  <testcase name="verifyCountryCode" time="0.002" classname="com.iqvia.api.automation.test.CountriesAPITest">
    <skipped/>
  </testcase> <!-- verifyCountryCode -->
  <testcase name="checkStatusCode" time="0.006" classname="com.iqvia.api.automation.test.CountriesAPITest">
    <skipped/>
  </testcase> <!-- checkStatusCode -->
  <testcase name="checkStatusCode" time="0.006" classname="com.iqvia.api.automation.test.CountriesAPITest">
    <skipped/>
  </testcase> <!-- checkStatusCode -->
  <testcase name="setCityFromJsonResponse" time="0.006" classname="com.iqvia.api.automation.test.CountriesAPITest">
    <skipped/>
  </testcase> <!-- setCityFromJsonResponse -->
  <testcase name="setCityFromJsonResponse" time="0.006" classname="com.iqvia.api.automation.test.CountriesAPITest">
    <skipped/>
  </testcase> <!-- setCityFromJsonResponse -->
  <testcase name="verifySelectedCapitalInfo" time="0.004" classname="com.iqvia.api.automation.test.CountriesAPITest">
    <skipped/>
  </testcase> <!-- verifySelectedCapitalInfo -->
  <testcase name="verifySelectedCapitalInfo" time="0.004" classname="com.iqvia.api.automation.test.CountriesAPITest">
    <skipped/>
  </testcase> <!-- verifySelectedCapitalInfo -->
  <testcase name="verifyStatusLine" time="0.01" classname="com.iqvia.api.automation.test.CountriesAPITest">
    <skipped/>
  </testcase> <!-- verifyStatusLine -->
  <testcase name="verifyStatusLine" time="0.01" classname="com.iqvia.api.automation.test.CountriesAPITest">
    <skipped/>
  </testcase> <!-- verifyStatusLine -->
</testsuite> <!-- Test -->
